0 info it worked if it ends with ok
1 verbose cli [ '/usr/bin/node', '/usr/bin/npm', 'start' ]
2 info using npm@3.10.8
3 info using node@v6.9.0
4 verbose run-script [ 'prestart', 'start', 'poststart' ]
5 info lifecycle ChipschachDigital@0.0.1~prestart: ChipschachDigital@0.0.1
6 silly lifecycle ChipschachDigital@0.0.1~prestart: no script for prestart, continuing
7 info lifecycle ChipschachDigital@0.0.1~start: ChipschachDigital@0.0.1
8 verbose lifecycle ChipschachDigital@0.0.1~start: unsafe-perm in lifecycle true
9 verbose lifecycle ChipschachDigital@0.0.1~start: PATH: /usr/lib/node_modules/npm/bin/node-gyp-bin:/home/oliver/Projects/ChipschachDigital/node_modules/.bin:/usr/lib64/qt-3.3/bin:/usr/local/bin:/usr/local/sbin:/usr/bin:/usr/sbin:/bin:/sbin:/opt/ibm/c4eb/bin:/usr/kerberos/bin
10 verbose lifecycle ChipschachDigital@0.0.1~start: CWD: /home/oliver/Projects/ChipschachDigital
11 silly lifecycle ChipschachDigital@0.0.1~start: Args: [ '-c', 'grunt' ]
12 silly lifecycle ChipschachDigital@0.0.1~start: Returned: code: 3  signal: null
13 info lifecycle ChipschachDigital@0.0.1~start: Failed to exec start script
14 verbose stack Error: ChipschachDigital@0.0.1 start: `grunt`
14 verbose stack Exit status 3
14 verbose stack     at EventEmitter.<anonymous> (/usr/lib/node_modules/npm/lib/utils/lifecycle.js:255:16)
14 verbose stack     at emitTwo (events.js:106:13)
14 verbose stack     at EventEmitter.emit (events.js:191:7)
14 verbose stack     at ChildProcess.<anonymous> (/usr/lib/node_modules/npm/lib/utils/spawn.js:40:14)
14 verbose stack     at emitTwo (events.js:106:13)
14 verbose stack     at ChildProcess.emit (events.js:191:7)
14 verbose stack     at maybeClose (internal/child_process.js:877:16)
14 verbose stack     at Process.ChildProcess._handle.onexit (internal/child_process.js:226:5)
15 verbose pkgid ChipschachDigital@0.0.1
16 verbose cwd /home/oliver/Projects/ChipschachDigital
17 error Linux 3.10.0-327.36.1.el7.x86_64
18 error argv "/usr/bin/node" "/usr/bin/npm" "start"
19 error node v6.9.0
20 error npm  v3.10.8
21 error code ELIFECYCLE
22 error ChipschachDigital@0.0.1 start: `grunt`
22 error Exit status 3
23 error Failed at the ChipschachDigital@0.0.1 start script 'grunt'.
23 error Make sure you have the latest version of node.js and npm installed.
23 error If you do, this is most likely a problem with the ChipschachDigital package,
23 error not with npm itself.
23 error Tell the author that this fails on your system:
23 error     grunt
23 error You can get information on how to open an issue for this project with:
23 error     npm bugs ChipschachDigital
23 error Or if that isn't available, you can get their info via:
23 error     npm owner ls ChipschachDigital
23 error There is likely additional logging output above.
24 verbose exit [ 1, true ]
